Using pre-set license
Built from '2020.3/staging' branch; Version is '2020.3.18f1 (a7d1c678663c) revision 10998214'; Using compiler version '192528614'; Build Type 'Release'
OS: 'Windows 10 Education; OS build 18363.1801; Version 1909; 64bit' Language: 'es' Physical Memory: 32620 MB
BatchMode: 1, IsHumanControllingUs: 0, StartBugReporterOnCrash: 0, Is64bit: 1, IsPro: 0

COMMAND LINE ARGUMENTS:
C:\Program Files\Unity\Hub\Editor\2020.3.18f1\Editor\Unity.exe
-adb2
-batchMode
-noUpm
-name
AssetImportWorker0
-projectPath
C:/2021_2022/unity/set up version control/setup
-logFile
Logs/AssetImportWorker0.log
-srvPort
64480
Successfully changed project path to: C:/2021_2022/unity/set up version control/setup
C:/2021_2022/unity/set up version control/setup
Using Asset Import Pipeline V2.
Refreshing native plugins compatible for Editor in 53.38 ms, found 2 plugins.
Preloading 0 native plugins for Editor in 0.00 ms.
Initialize engine version: 2020.3.18f1 (a7d1c678663c)
[Subsystems] Discovering subsystems at path C:/Program Files/Unity/Hub/Editor/2020.3.18f1/Editor/Data/Resources/UnitySubsystems
[Subsystems] Discovering subsystems at path C:/2021_2022/unity/set up version control/setup/Assets
GfxDevice: creating device client; threaded=0
Direct3D:
    Version:  Direct3D 11.0 [level 11.1]
    Renderer: NVIDIA GeForce RTX 2060 (ID=0x1f08)
    Vendor:   
    VRAM:     5980 MB
    Driver:   30.0.14.7212
Initialize mono
Mono path[0] = 'C:/Program Files/Unity/Hub/Editor/2020.3.18f1/Editor/Data/Managed'
Mono path[1] = 'C:/Program Files/Unity/Hub/Editor/2020.3.18f1/Editor/Data/MonoBleedingEdge/lib/mono/unityjit'
Mono config path = 'C:/Program Files/Unity/Hub/Editor/2020.3.18f1/Editor/Data/MonoBleedingEdge/etc'
Using monoOptions --debugger-agent=transport=dt_socket,embedding=1,server=y,suspend=n,address=127.0.0.1:56228
Begin MonoManager ReloadAssembly
Registering precompiled unity dll's ...
Register platform support module: C:/Program Files/Unity/Hub/Editor/2020.3.18f1/Editor/Data/PlaybackEngines/WebGLSupport/UnityEditor.WebGL.Extensions.dll
Register platform support module: C:/Program Files/Unity/Hub/Editor/2020.3.18f1/Editor/Data/PlaybackEngines/WindowsStandaloneSupport/UnityEditor.WindowsStandalone.Extensions.dll
Registered in 0.001864 seconds.
Native extension for WindowsStandalone target not found
Native extension for WebGL target not found
Refreshing native plugins compatible for Editor in 42.40 ms, found 2 plugins.
Preloading 0 native plugins for Editor in 0.00 ms.
Mono: successfully reloaded assembly
- Completed reload, in  1.034 seconds
Domain Reload Profiling:
	ReloadAssembly (1034ms)
		BeginReloadAssembly (47ms)
			ExecutionOrderSort (0ms)
			DisableScriptedObjects (0ms)
			BackupInstance (0ms)
			ReleaseScriptingObjects (0ms)
			CreateAndSetChildDomain (1ms)
		EndReloadAssembly (372ms)
			LoadAssemblies (46ms)
			RebuildTransferFunctionScriptingTraits (0ms)
			SetupTypeCache (133ms)
			ReleaseScriptCaches (0ms)
			RebuildScriptCaches (29ms)
			SetupLoadedEditorAssemblies (151ms)
				LogAssemblyErrors (0ms)
				InitializePlatformSupportModulesInManaged (4ms)
				SetLoadedEditorAssemblies (0ms)
				RefreshPlugins (42ms)
				BeforeProcessingInitializeOnLoad (8ms)
				ProcessInitializeOnLoadAttributes (71ms)
				ProcessInitializeOnLoadMethodAttributes (24ms)
				AfterProcessingInitializeOnLoad (0ms)
				EditorAssembliesLoaded (0ms)
			ExecutionOrderSort2 (0ms)
			AwakeInstancesAfterBackupRestoration (0ms)
Platform modules already initialized, skipping
Registering precompiled user dll's ...
Registered in 0.003320 seconds.
Begin MonoManager ReloadAssembly
Native extension for WindowsStandalone target not found
Native extension for WebGL target not found
Refreshing native plugins compatible for Editor in 43.08 ms, found 2 plugins.
Preloading 0 native plugins for Editor in 0.00 ms.
Mono: successfully reloaded assembly
- Completed reload, in  0.999 seconds
Domain Reload Profiling:
	ReloadAssembly (1000ms)
		BeginReloadAssembly (127ms)
			ExecutionOrderSort (0ms)
			DisableScriptedObjects (4ms)
			BackupInstance (0ms)
			ReleaseScriptingObjects (0ms)
			CreateAndSetChildDomain (18ms)
		EndReloadAssembly (819ms)
			LoadAssemblies (80ms)
			RebuildTransferFunctionScriptingTraits (0ms)
			SetupTypeCache (293ms)
			ReleaseScriptCaches (0ms)
			RebuildScriptCaches (43ms)
			SetupLoadedEditorAssemblies (295ms)
				LogAssemblyErrors (0ms)
				InitializePlatformSupportModulesInManaged (4ms)
				SetLoadedEditorAssemblies (0ms)
				RefreshPlugins (43ms)
				BeforeProcessingInitializeOnLoad (65ms)
				ProcessInitializeOnLoadAttributes (173ms)
				ProcessInitializeOnLoadMethodAttributes (3ms)
				AfterProcessingInitializeOnLoad (5ms)
				EditorAssembliesLoaded (0ms)
			ExecutionOrderSort2 (0ms)
			AwakeInstancesAfterBackupRestoration (6ms)
Platform modules already initialized, skipping
========================================================================
Worker process is ready to serve import requests
Launched and connected shader compiler UnityShaderCompiler.exe after 0.06 seconds
Refreshing native plugins compatible for Editor in 0.44 ms, found 2 plugins.
Preloading 0 native plugins for Editor in 0.00 ms.
Unloading 2751 Unused Serialized files (Serialized files now loaded: 0)
System memory in use before: 124.3 MB.
System memory in use after: 124.5 MB.

Unloading 17 unused Assets to reduce memory usage. Loaded Objects now: 3189.
Total: 3.822000 ms (FindLiveObjects: 0.424000 ms CreateObjectMapping: 0.196300 ms MarkObjects: 3.097700 ms  DeleteObjects: 0.102300 ms)

AssetImportParameters requested are different than current active one (requested -> active):
  custom:framework-win-MediaFoundation: 216162199b28c13a410421893ffa2e32 -> 
  custom:video-decoder-ogg-theora: a1e56fd34408186e4bbccfd4996cb3dc -> 
  custom:container-muxer-webm: aa71ff27fc2769a1b78a27578f13a17b -> 
  custom:container-demuxer-webm: 4f35f7cbe854078d1ac9338744f61a02 -> 
  custom:container-demuxer-ogg: 62fdf1f143b41e24485cea50d1cbac27 -> 
  custom:video-encoder-webm-vp8: eb34c28f22e8b96e1ab97ce403110664 -> 
  custom:video-decoder-webm-vp8: 9c59270c3fd7afecdb556c50c9e8de78 -> 
  custom:audio-decoder-ogg-vorbis: bf7c407c2cedff20999df2af8eb42d56 -> 
  custom:audio-encoder-webm-vorbis: bf7c407c2cedff20999df2af8eb42d56 -> 
========================================================================
Received Import Request.
  path: Assets/Scripts/UserControl.cs
  artifactKey: Guid(199e5487dc20dbe4b906a0f91f07d50e) Importer(815301076,1909f56bfc062723c751e8b465ee728b)
Start importing Assets/Scripts/UserControl.cs using Guid(199e5487dc20dbe4b906a0f91f07d50e) Importer(815301076,1909f56bfc062723c751e8b465ee728b)  -> (artifact id: '1df3769368c526969c0616e10c027b69') in 0.037740 seconds 
  Import took 0.043164 seconds .

========================================================================
Received Prepare
Registering precompiled user dll's ...
Registered in 0.003943 seconds.
Begin MonoManager ReloadAssembly
Native extension for WindowsStandalone target not found
Native extension for WebGL target not found
Refreshing native plugins compatible for Editor in 0.45 ms, found 2 plugins.
Preloading 0 native plugins for Editor in 0.00 ms.
Mono: successfully reloaded assembly
- Completed reload, in  1.095 seconds
Domain Reload Profiling:
	ReloadAssembly (1095ms)
		BeginReloadAssembly (113ms)
			ExecutionOrderSort (0ms)
			DisableScriptedObjects (5ms)
			BackupInstance (0ms)
			ReleaseScriptingObjects (0ms)
			CreateAndSetChildDomain (36ms)
		EndReloadAssembly (907ms)
			LoadAssemblies (102ms)
			RebuildTransferFunctionScriptingTraits (0ms)
			SetupTypeCache (338ms)
			ReleaseScriptCaches (1ms)
			RebuildScriptCaches (44ms)
			SetupLoadedEditorAssemblies (299ms)
				LogAssemblyErrors (0ms)
				InitializePlatformSupportModulesInManaged (6ms)
				SetLoadedEditorAssemblies (1ms)
				RefreshPlugins (1ms)
				BeforeProcessingInitializeOnLoad (66ms)
				ProcessInitializeOnLoadAttributes (215ms)
				ProcessInitializeOnLoadMethodAttributes (4ms)
				AfterProcessingInitializeOnLoad (7ms)
				EditorAssembliesLoaded (0ms)
			ExecutionOrderSort2 (0ms)
			AwakeInstancesAfterBackupRestoration (15ms)
Platform modules already initialized, skipping
Refreshing native plugins compatible for Editor in 0.75 ms, found 2 plugins.
Preloading 0 native plugins for Editor in 0.00 ms.
Unloading 2642 Unused Serialized files (Serialized files now loaded: 0)
System memory in use before: 117.2 MB.
System memory in use after: 117.4 MB.

Unloading 12 unused Assets to reduce memory usage. Loaded Objects now: 3191.
Total: 3.372300 ms (FindLiveObjects: 0.388500 ms CreateObjectMapping: 0.177400 ms MarkObjects: 2.785100 ms  DeleteObjects: 0.020300 ms)

AssetImportParameters requested are different than current active one (requested -> active):
  custom:framework-win-MediaFoundation: 216162199b28c13a410421893ffa2e32 -> 
  custom:video-decoder-ogg-theora: a1e56fd34408186e4bbccfd4996cb3dc -> 
  custom:container-muxer-webm: aa71ff27fc2769a1b78a27578f13a17b -> 
  custom:container-demuxer-webm: 4f35f7cbe854078d1ac9338744f61a02 -> 
  custom:container-demuxer-ogg: 62fdf1f143b41e24485cea50d1cbac27 -> 
  custom:video-encoder-webm-vp8: eb34c28f22e8b96e1ab97ce403110664 -> 
  custom:video-decoder-webm-vp8: 9c59270c3fd7afecdb556c50c9e8de78 -> 
  custom:audio-decoder-ogg-vorbis: bf7c407c2cedff20999df2af8eb42d56 -> 
  custom:audio-encoder-webm-vorbis: bf7c407c2cedff20999df2af8eb42d56 -> 
========================================================================
Received Import Request.
  Time since last request: 296.454166 seconds.
  path: Assets/Scripts/Building.cs
  artifactKey: Guid(4df889912763b534eb42c806e850951d) Importer(815301076,1909f56bfc062723c751e8b465ee728b)
Start importing Assets/Scripts/Building.cs using Guid(4df889912763b534eb42c806e850951d) Importer(815301076,1909f56bfc062723c751e8b465ee728b)  -> (artifact id: '36cdd4092cdf15434efd28345088281a') in 0.010741 seconds 
  Import took 0.014620 seconds .

========================================================================
Received Import Request.
  Time since last request: 0.649264 seconds.
  path: Assets/Scripts/MenuUIHandler.cs
  artifactKey: Guid(b5fdfdf1c56785947bd9d5830598e09e) Importer(815301076,1909f56bfc062723c751e8b465ee728b)
Start importing Assets/Scripts/MenuUIHandler.cs using Guid(b5fdfdf1c56785947bd9d5830598e09e) Importer(815301076,1909f56bfc062723c751e8b465ee728b)  -> (artifact id: '65cde6f321ba226be7740e3fe361f8d9') in 0.006220 seconds 
  Import took 0.011008 seconds .

========================================================================
Received Import Request.
  Time since last request: 2.106746 seconds.
  path: Assets/Scripts/Helpers
  artifactKey: Guid(bf1956b2053180f498601f6331c26351) Importer(815301076,1909f56bfc062723c751e8b465ee728b)
Start importing Assets/Scripts/Helpers using Guid(bf1956b2053180f498601f6331c26351) Importer(815301076,1909f56bfc062723c751e8b465ee728b)  -> (artifact id: '112bc86c0708d793574fde0aa17918bc') in 0.007867 seconds 
  Import took 0.012025 seconds .

========================================================================
Received Import Request.
  Time since last request: 3.004691 seconds.
  path: Assets/Scripts/Helpers/ResourceItem.cs
  artifactKey: Guid(4cbe7725c3046414b9ffa46e64705f7b) Importer(815301076,1909f56bfc062723c751e8b465ee728b)
Start importing Assets/Scripts/Helpers/ResourceItem.cs using Guid(4cbe7725c3046414b9ffa46e64705f7b) Importer(815301076,1909f56bfc062723c751e8b465ee728b)  -> (artifact id: '03fa0427d9c6c1b03f839727db233d68') in 0.008556 seconds 
  Import took 0.013153 seconds .

========================================================================
Received Import Request.
  Time since last request: 0.611685 seconds.
  path: Assets/Scripts/Helpers/ResourceDatabase.cs
  artifactKey: Guid(a0cd956055cb2f742a1e35d94bc1cc1d) Importer(815301076,1909f56bfc062723c751e8b465ee728b)
Start importing Assets/Scripts/Helpers/ResourceDatabase.cs using Guid(a0cd956055cb2f742a1e35d94bc1cc1d) Importer(815301076,1909f56bfc062723c751e8b465ee728b)  -> (artifact id: '5280b886172d09b09740fae1a1bd8574') in 0.008354 seconds 
  Import took 0.012807 seconds .

========================================================================
Received Import Request.
  Time since last request: 1.223265 seconds.
  path: Assets/Scripts/UI
  artifactKey: Guid(06a06f30899a2a24e92a0ee46b8241be) Importer(815301076,1909f56bfc062723c751e8b465ee728b)
Start importing Assets/Scripts/UI using Guid(06a06f30899a2a24e92a0ee46b8241be) Importer(815301076,1909f56bfc062723c751e8b465ee728b)  -> (artifact id: 'baa7e6cc9be4c0dbdb94069d587631b8') in 0.006106 seconds 
  Import took 0.010083 seconds .

========================================================================
Received Import Request.
  Time since last request: 6.141671 seconds.
  path: Assets/Scenes
  artifactKey: Guid(c907e490e9a4d394683c23a8de3408d1) Importer(815301076,1909f56bfc062723c751e8b465ee728b)
Start importing Assets/Scenes using Guid(c907e490e9a4d394683c23a8de3408d1) Importer(815301076,1909f56bfc062723c751e8b465ee728b)  -> (artifact id: '5bde5202d60b3578c241435f4205cddf') in 0.005633 seconds 
  Import took 0.009816 seconds .

========================================================================
Received Import Request.
  Time since last request: 2.272717 seconds.
  path: Assets/Scenes/SampleScene.unity
  artifactKey: Guid(9fc0d4010bbf28b4594072e72b8655ab) Importer(815301076,1909f56bfc062723c751e8b465ee728b)
Start importing Assets/Scenes/SampleScene.unity using Guid(9fc0d4010bbf28b4594072e72b8655ab) Importer(815301076,1909f56bfc062723c751e8b465ee728b)  -> (artifact id: '3c90f8c60bc5886a165219d7db37af99') in 0.017568 seconds 
  Import took 0.021354 seconds .

========================================================================
Received Import Request.
  Time since last request: 1.200098 seconds.
  path: Assets/Scenes/Main
  artifactKey: Guid(3bb3f28a17073344fa7b3bfd86844058) Importer(815301076,1909f56bfc062723c751e8b465ee728b)
Start importing Assets/Scenes/Main using Guid(3bb3f28a17073344fa7b3bfd86844058) Importer(815301076,1909f56bfc062723c751e8b465ee728b)  -> (artifact id: '390694a78797b5284abb1c60e2e5d4f0') in 0.006775 seconds 
  Import took 0.011151 seconds .

========================================================================
Received Import Request.
  Time since last request: 0.000422 seconds.
  path: Assets/Scenes/Main
  artifactKey: Guid(3bb3f28a17073344fa7b3bfd86844058) Importer(815301076,1909f56bfc062723c751e8b465ee728b)
Start importing Assets/Scenes/Main using Guid(3bb3f28a17073344fa7b3bfd86844058) Importer(815301076,1909f56bfc062723c751e8b465ee728b)  -> (artifact id: '390694a78797b5284abb1c60e2e5d4f0') in 0.002071 seconds 
  Import took 0.007119 seconds .

========================================================================
Received Import Request.
  Time since last request: 0.064876 seconds.
  path: Assets/Scenes/Main/NavMesh.asset
  artifactKey: Guid(d61eae2e6c56097468263b22feefaff4) Importer(815301076,1909f56bfc062723c751e8b465ee728b)
Start importing Assets/Scenes/Main/NavMesh.asset using Guid(d61eae2e6c56097468263b22feefaff4) Importer(815301076,1909f56bfc062723c751e8b465ee728b)  -> (artifact id: '328d484966fb155319afda5dcac15c18') in 0.008658 seconds 
  Import took 0.013655 seconds .

========================================================================
Received Import Request.
  Time since last request: 47.134389 seconds.
  path: Assets/Scenes/Menu.unity
  artifactKey: Guid(ae666798a74d3a5488e0c0ec42a1265d) Importer(815301076,1909f56bfc062723c751e8b465ee728b)
Start importing Assets/Scenes/Menu.unity using Guid(ae666798a74d3a5488e0c0ec42a1265d) Importer(815301076,1909f56bfc062723c751e8b465ee728b)  -> (artifact id: '515f379b3169e9ee7ae822864d4b0f5b') in 0.006083 seconds 
  Import took 0.010890 seconds .

========================================================================
Received Import Request.
  Time since last request: 49.208838 seconds.
  path: Assets/Scripts
  artifactKey: Guid(22d1a29814289d446a56f4e9b2493174) Importer(815301076,1909f56bfc062723c751e8b465ee728b)
Start importing Assets/Scripts using Guid(22d1a29814289d446a56f4e9b2493174) Importer(815301076,1909f56bfc062723c751e8b465ee728b)  -> (artifact id: 'df06449c0ad81fb5eda457b88620e2e7') in 0.006736 seconds 
  Import took 0.011699 seconds .

========================================================================
Received Import Request.
  Time since last request: 0.001009 seconds.
  path: Assets/Scripts
  artifactKey: Guid(22d1a29814289d446a56f4e9b2493174) Importer(815301076,1909f56bfc062723c751e8b465ee728b)
Start importing Assets/Scripts using Guid(22d1a29814289d446a56f4e9b2493174) Importer(815301076,1909f56bfc062723c751e8b465ee728b)  -> (artifact id: 'df06449c0ad81fb5eda457b88620e2e7') in 0.003123 seconds 
  Import took 0.008090 seconds .

========================================================================
Received Import Request.
  Time since last request: 6.970979 seconds.
  path: Assets/Scripts/UI/UIMainScene.cs
  artifactKey: Guid(2e89bb6e6749e044e9a9b103f0ad5bc5) Importer(815301076,1909f56bfc062723c751e8b465ee728b)
Start importing Assets/Scripts/UI/UIMainScene.cs using Guid(2e89bb6e6749e044e9a9b103f0ad5bc5) Importer(815301076,1909f56bfc062723c751e8b465ee728b)  -> (artifact id: 'd4daf707fde7fb8728fdbbf1a312f843') in 0.005514 seconds 
  Import took 0.010312 seconds .

========================================================================
Received Import Request.
  Time since last request: 1.565349 seconds.
  path: Assets/Scripts/UI/InfoPopup.cs
  artifactKey: Guid(77da56713b97bb240acea93336b7011b) Importer(815301076,1909f56bfc062723c751e8b465ee728b)
Start importing Assets/Scripts/UI/InfoPopup.cs using Guid(77da56713b97bb240acea93336b7011b) Importer(815301076,1909f56bfc062723c751e8b465ee728b)  -> (artifact id: 'eeb03e829b2d1f3f4111c2730bfeaf34') in 0.005428 seconds 
  Import took 0.009649 seconds .

========================================================================
Received Import Request.
  Time since last request: 0.001950 seconds.
  path: Assets/Scripts/UI/InfoPopup.cs
  artifactKey: Guid(77da56713b97bb240acea93336b7011b) Importer(815301076,1909f56bfc062723c751e8b465ee728b)
Start importing Assets/Scripts/UI/InfoPopup.cs using Guid(77da56713b97bb240acea93336b7011b) Importer(815301076,1909f56bfc062723c751e8b465ee728b)  -> (artifact id: 'eeb03e829b2d1f3f4111c2730bfeaf34') in 0.002322 seconds 
  Import took 0.006311 seconds .

========================================================================
Received Import Request.
  Time since last request: 0.869305 seconds.
  path: Assets/Scripts/UI/ContentEntry.cs
  artifactKey: Guid(c46e4c595fb12784a9963914471b0416) Importer(815301076,1909f56bfc062723c751e8b465ee728b)
Start importing Assets/Scripts/UI/ContentEntry.cs using Guid(c46e4c595fb12784a9963914471b0416) Importer(815301076,1909f56bfc062723c751e8b465ee728b)  -> (artifact id: '39c532c370763154059cbe8dada55943') in 0.005797 seconds 
  Import took 0.010226 seconds .

========================================================================
Received Import Request.
  Time since last request: 0.002761 seconds.
  path: Assets/Scripts/UI/ContentEntry.cs
  artifactKey: Guid(c46e4c595fb12784a9963914471b0416) Importer(815301076,1909f56bfc062723c751e8b465ee728b)
Start importing Assets/Scripts/UI/ContentEntry.cs using Guid(c46e4c595fb12784a9963914471b0416) Importer(815301076,1909f56bfc062723c751e8b465ee728b)  -> (artifact id: '39c532c370763154059cbe8dada55943') in 0.002239 seconds 
  Import took 0.006692 seconds .

========================================================================
Received Import Request.
  Time since last request: 38.981001 seconds.
  path: Assets/Scripts/UI/btnAction.cs
  artifactKey: Guid(db2c8ea3fe0bbbe4e9b46b9cf358933b) Importer(815301076,1909f56bfc062723c751e8b465ee728b)
Start importing Assets/Scripts/UI/btnAction.cs using Guid(db2c8ea3fe0bbbe4e9b46b9cf358933b) Importer(815301076,1909f56bfc062723c751e8b465ee728b)  -> (artifact id: '743dad5c1a854a0ef74c9049500d76aa') in 0.006657 seconds 
  Import took 0.010788 seconds .

========================================================================
Received Prepare
Registering precompiled user dll's ...
Registered in 0.003206 seconds.
Begin MonoManager ReloadAssembly
Native extension for WindowsStandalone target not found
Native extension for WebGL target not found
Refreshing native plugins compatible for Editor in 0.46 ms, found 2 plugins.
Preloading 0 native plugins for Editor in 0.00 ms.
Mono: successfully reloaded assembly
- Completed reload, in  0.946 seconds
Domain Reload Profiling:
	ReloadAssembly (946ms)
		BeginReloadAssembly (96ms)
			ExecutionOrderSort (0ms)
			DisableScriptedObjects (4ms)
			BackupInstance (0ms)
			ReleaseScriptingObjects (0ms)
			CreateAndSetChildDomain (32ms)
		EndReloadAssembly (781ms)
			LoadAssemblies (80ms)
			RebuildTransferFunctionScriptingTraits (0ms)
			SetupTypeCache (286ms)
			ReleaseScriptCaches (1ms)
			RebuildScriptCaches (38ms)
			SetupLoadedEditorAssemblies (261ms)
				LogAssemblyErrors (0ms)
				InitializePlatformSupportModulesInManaged (5ms)
				SetLoadedEditorAssemblies (0ms)
				RefreshPlugins (1ms)
				BeforeProcessingInitializeOnLoad (56ms)
				ProcessInitializeOnLoadAttributes (190ms)
				ProcessInitializeOnLoadMethodAttributes (3ms)
				AfterProcessingInitializeOnLoad (5ms)
				EditorAssembliesLoaded (0ms)
			ExecutionOrderSort2 (0ms)
			AwakeInstancesAfterBackupRestoration (12ms)
Platform modules already initialized, skipping
Refreshing native plugins compatible for Editor in 0.44 ms, found 2 plugins.
Preloading 0 native plugins for Editor in 0.00 ms.
Unloading 2643 Unused Serialized files (Serialized files now loaded: 0)
System memory in use before: 117.3 MB.
System memory in use after: 117.5 MB.

Unloading 12 unused Assets to reduce memory usage. Loaded Objects now: 3194.
Total: 3.080700 ms (FindLiveObjects: 0.254400 ms CreateObjectMapping: 0.098900 ms MarkObjects: 2.708800 ms  DeleteObjects: 0.017900 ms)

AssetImportParameters requested are different than current active one (requested -> active):
  custom:framework-win-MediaFoundation: 216162199b28c13a410421893ffa2e32 -> 
  custom:video-decoder-ogg-theora: a1e56fd34408186e4bbccfd4996cb3dc -> 
  custom:container-muxer-webm: aa71ff27fc2769a1b78a27578f13a17b -> 
  custom:container-demuxer-webm: 4f35f7cbe854078d1ac9338744f61a02 -> 
  custom:container-demuxer-ogg: 62fdf1f143b41e24485cea50d1cbac27 -> 
  custom:video-encoder-webm-vp8: eb34c28f22e8b96e1ab97ce403110664 -> 
  custom:video-decoder-webm-vp8: 9c59270c3fd7afecdb556c50c9e8de78 -> 
  custom:audio-decoder-ogg-vorbis: bf7c407c2cedff20999df2af8eb42d56 -> 
  custom:audio-encoder-webm-vorbis: bf7c407c2cedff20999df2af8eb42d56 -> 
========================================================================
Received Prepare
Registering precompiled user dll's ...
Registered in 0.004711 seconds.
Begin MonoManager ReloadAssembly
Native extension for WindowsStandalone target not found
Native extension for WebGL target not found
Refreshing native plugins compatible for Editor in 0.45 ms, found 2 plugins.
Preloading 0 native plugins for Editor in 0.00 ms.
Mono: successfully reloaded assembly
- Completed reload, in  0.952 seconds
Domain Reload Profiling:
	ReloadAssembly (952ms)
		BeginReloadAssembly (100ms)
			ExecutionOrderSort (0ms)
			DisableScriptedObjects (4ms)
			BackupInstance (0ms)
			ReleaseScriptingObjects (0ms)
			CreateAndSetChildDomain (32ms)
		EndReloadAssembly (772ms)
			LoadAssemblies (83ms)
			RebuildTransferFunctionScriptingTraits (0ms)
			SetupTypeCache (277ms)
			ReleaseScriptCaches (1ms)
			RebuildScriptCaches (40ms)
			SetupLoadedEditorAssemblies (266ms)
				LogAssemblyErrors (0ms)
				InitializePlatformSupportModulesInManaged (5ms)
				SetLoadedEditorAssemblies (0ms)
				RefreshPlugins (0ms)
				BeforeProcessingInitializeOnLoad (58ms)
				ProcessInitializeOnLoadAttributes (193ms)
				ProcessInitializeOnLoadMethodAttributes (4ms)
				AfterProcessingInitializeOnLoad (5ms)
				EditorAssembliesLoaded (0ms)
			ExecutionOrderSort2 (0ms)
			AwakeInstancesAfterBackupRestoration (13ms)
Platform modules already initialized, skipping
Refreshing native plugins compatible for Editor in 0.46 ms, found 2 plugins.
Preloading 0 native plugins for Editor in 0.00 ms.
Unloading 2643 Unused Serialized files (Serialized files now loaded: 0)
System memory in use before: 117.4 MB.
System memory in use after: 117.6 MB.

Unloading 12 unused Assets to reduce memory usage. Loaded Objects now: 3196.
Total: 3.243500 ms (FindLiveObjects: 0.260400 ms CreateObjectMapping: 0.097200 ms MarkObjects: 2.864100 ms  DeleteObjects: 0.020700 ms)

AssetImportParameters requested are different than current active one (requested -> active):
  custom:framework-win-MediaFoundation: 216162199b28c13a410421893ffa2e32 -> 
  custom:video-decoder-ogg-theora: a1e56fd34408186e4bbccfd4996cb3dc -> 
  custom:container-muxer-webm: aa71ff27fc2769a1b78a27578f13a17b -> 
  custom:container-demuxer-webm: 4f35f7cbe854078d1ac9338744f61a02 -> 
  custom:container-demuxer-ogg: 62fdf1f143b41e24485cea50d1cbac27 -> 
  custom:video-encoder-webm-vp8: eb34c28f22e8b96e1ab97ce403110664 -> 
  custom:video-decoder-webm-vp8: 9c59270c3fd7afecdb556c50c9e8de78 -> 
  custom:audio-decoder-ogg-vorbis: bf7c407c2cedff20999df2af8eb42d56 -> 
  custom:audio-encoder-webm-vorbis: bf7c407c2cedff20999df2af8eb42d56 -> 
========================================================================
Received Import Request.
  Time since last request: 239.858765 seconds.
  path: Assets/Scripts/UI/btnAction.cs
  artifactKey: Guid(db2c8ea3fe0bbbe4e9b46b9cf358933b) Importer(815301076,1909f56bfc062723c751e8b465ee728b)
Start importing Assets/Scripts/UI/btnAction.cs using Guid(db2c8ea3fe0bbbe4e9b46b9cf358933b) Importer(815301076,1909f56bfc062723c751e8b465ee728b)  -> (artifact id: '98129448d63ce5e748cf219f6d2f59af') in 0.004713 seconds 
  Import took 0.009869 seconds .

========================================================================
Received Prepare
Registering precompiled user dll's ...
Registered in 0.004299 seconds.
Begin MonoManager ReloadAssembly
Native extension for WindowsStandalone target not found
Native extension for WebGL target not found
Refreshing native plugins compatible for Editor in 0.45 ms, found 2 plugins.
Preloading 0 native plugins for Editor in 0.00 ms.
Mono: successfully reloaded assembly
- Completed reload, in  0.994 seconds
Domain Reload Profiling:
	ReloadAssembly (995ms)
		BeginReloadAssembly (106ms)
			ExecutionOrderSort (0ms)
			DisableScriptedObjects (4ms)
			BackupInstance (0ms)
			ReleaseScriptingObjects (0ms)
			CreateAndSetChildDomain (32ms)
		EndReloadAssembly (823ms)
			LoadAssemblies (95ms)
			RebuildTransferFunctionScriptingTraits (0ms)
			SetupTypeCache (278ms)
			ReleaseScriptCaches (1ms)
			RebuildScriptCaches (44ms)
			SetupLoadedEditorAssemblies (290ms)
				LogAssemblyErrors (0ms)
				InitializePlatformSupportModulesInManaged (5ms)
				SetLoadedEditorAssemblies (0ms)
				RefreshPlugins (1ms)
				BeforeProcessingInitializeOnLoad (61ms)
				ProcessInitializeOnLoadAttributes (214ms)
				ProcessInitializeOnLoadMethodAttributes (3ms)
				AfterProcessingInitializeOnLoad (5ms)
				EditorAssembliesLoaded (0ms)
			ExecutionOrderSort2 (0ms)
			AwakeInstancesAfterBackupRestoration (17ms)
Platform modules already initialized, skipping
Refreshing native plugins compatible for Editor in 0.55 ms, found 2 plugins.
Preloading 0 native plugins for Editor in 0.00 ms.
Unloading 2644 Unused Serialized files (Serialized files now loaded: 0)
System memory in use before: 117.4 MB.
System memory in use after: 117.7 MB.

Unloading 12 unused Assets to reduce memory usage. Loaded Objects now: 3199.
Total: 3.334400 ms (FindLiveObjects: 0.276400 ms CreateObjectMapping: 0.116000 ms MarkObjects: 2.922800 ms  DeleteObjects: 0.018300 ms)

AssetImportParameters requested are different than current active one (requested -> active):
  custom:framework-win-MediaFoundation: 216162199b28c13a410421893ffa2e32 -> 
  custom:video-decoder-ogg-theora: a1e56fd34408186e4bbccfd4996cb3dc -> 
  custom:container-muxer-webm: aa71ff27fc2769a1b78a27578f13a17b -> 
  custom:container-demuxer-webm: 4f35f7cbe854078d1ac9338744f61a02 -> 
  custom:container-demuxer-ogg: 62fdf1f143b41e24485cea50d1cbac27 -> 
  custom:video-encoder-webm-vp8: eb34c28f22e8b96e1ab97ce403110664 -> 
  custom:video-decoder-webm-vp8: 9c59270c3fd7afecdb556c50c9e8de78 -> 
  custom:audio-decoder-ogg-vorbis: bf7c407c2cedff20999df2af8eb42d56 -> 
  custom:audio-encoder-webm-vorbis: bf7c407c2cedff20999df2af8eb42d56 -> 
AssetImportWorkerClient::OnTransportError - code=2 error=End of file
